<?xml version="1.0" encoding="UTF-8"?>
<!-- Generated by org.testng.reporters.JUnitReportReporter -->
<testsuite hostname="DESKTOP-USVHKOQ" failures="0" tests="1" name="runner2.Testrunner" time="7.793" errors="0" timestamp="2025-03-11T14:06:34 IST" skipped="0">
  <testcase classname="runner2.Testrunner" name="runScenario" time="7.793"/>
  <system-out/>
</testsuite> <!-- runner2.Testrunner -->
